.\Debug\szablon.ilk
.\Debug\szablon.pdb
F:\Studia\II\openGL\projekt\.\Debug\szablon.exe
F:\Studia\II\openGL\projekt\.\Debug\szablon.exe.intermediate.manifest
F:\Studia\II\openGL\projekt\Debug\cl.command.1.tlog
F:\Studia\II\openGL\projekt\Debug\CL.read.1.tlog
F:\Studia\II\openGL\projekt\Debug\CL.write.1.tlog
F:\STUDIA\II\OPENGL\PROJEKT\DEBUG\DEFINICJE.OBJ
F:\STUDIA\II\OPENGL\PROJEKT\DEBUG\INTERAKCJA.OBJ
F:\STUDIA\II\OPENGL\PROJEKT\DEBUG\KONFIGURACJA.OBJ
F:\Studia\II\openGL\projekt\Debug\link.23332.read.1.tlog
F:\Studia\II\openGL\projekt\Debug\link.23332.write.1.tlog
F:\Studia\II\openGL\projekt\Debug\link.23332-cvtres.read.1.tlog
F:\Studia\II\openGL\projekt\Debug\link.23332-cvtres.write.1.tlog
F:\Studia\II\openGL\projekt\Debug\link.command.1.tlog
F:\Studia\II\openGL\projekt\Debug\link.read.1.tlog
F:\Studia\II\openGL\projekt\Debug\link.write.1.tlog
F:\Studia\II\openGL\projekt\Debug\link-cvtres.read.1.tlog
F:\Studia\II\openGL\projekt\Debug\link-cvtres.write.1.tlog
F:\STUDIA\II\OPENGL\PROJEKT\DEBUG\MODEL3DS.OBJ
F:\Studia\II\openGL\projekt\Debug\mt.command.1.tlog
F:\Studia\II\openGL\projekt\Debug\mt.read.1.tlog
F:\Studia\II\openGL\projekt\Debug\mt.write.1.tlog
F:\Studia\II\openGL\projekt\Debug\rc.command.1.tlog
F:\Studia\II\openGL\projekt\Debug\rc.read.1.tlog
F:\Studia\II\openGL\projekt\Debug\rc.write.1.tlog
F:\STUDIA\II\OPENGL\PROJEKT\DEBUG\RYSOWANIE.OBJ
F:\STUDIA\II\OPENGL\PROJEKT\DEBUG\SZABLON.EXE
F:\STUDIA\II\OPENGL\PROJEKT\DEBUG\SZABLON.EXE.EMBED.MANIFEST
F:\STUDIA\II\OPENGL\PROJEKT\DEBUG\SZABLON.EXE.EMBED.MANIFEST.RES
F:\STUDIA\II\OPENGL\PROJEKT\DEBUG\SZABLON.EXE.INTERMEDIATE.MANIFEST
F:\STUDIA\II\OPENGL\PROJEKT\DEBUG\SZABLON.ILK
F:\STUDIA\II\OPENGL\PROJEKT\DEBUG\SZABLON.OBJ
F:\STUDIA\II\OPENGL\PROJEKT\DEBUG\SZABLON.PDB
F:\Studia\II\openGL\projekt\Debug\szablon_manifest.rc
F:\STUDIA\II\OPENGL\PROJEKT\DEBUG\TEXTUREBMP.OBJ
F:\STUDIA\II\OPENGL\PROJEKT\DEBUG\TEXTURETGA.OBJ
F:\Studia\II\openGL\projekt\Debug\vc100.idb
F:\STUDIA\II\OPENGL\PROJEKT\DEBUG\VC100.PDB
