Build started 2014-04-21 20:45:22.
     1>Project "F:\Studia\II\openGL\projekt\szablon.vcxproj" on node 2 (rebuild target(s)).
     1>_PrepareForClean:
         Deleting file ".\Debug\szablon.lastbuildstate".
       InitializeBuildStatus:
         Creating ".\Debug\szablon.unsuccessfulbuild" because "AlwaysCreate" was specified.
       ClCompile:
         D:\Programy\Visual Studio\VC\bin\CL.exe /c /ZI /nologo /W3 /WX- /Od /Oy- /D WIN32 /D _DEBUG /D _CONSOLE /D _VC80_UPGRADE=0x0600 /D _MBCS /Gm /EHsc /RTC1 /MTd /GS /fp:precise /Zc:wchar_t /Zc:forScope /Fo".\Debug/" /Fd".\Debug/vc100.pdb" /Gd /TP /analyze- /errorReport:prompt definicje.cpp interakcja.cpp konfiguracja.cpp model3DS.cpp rysowanie.cpp szablon.cpp textureBMP.cpp textureTGA.cpp
         textureTGA.cpp
         textureBMP.cpp
         szablon.cpp
     1>f:\studia\ii\opengl\projekt\szablon.cpp(213): warning C4996: 'strcpy': This function or variable may be unsafe. Consider using strcpy_s instead. To disable deprecation, use _CRT_SECURE_NO_WARNINGS. See online help for details.
                 d:\programy\visual studio\vc\include\string.h(105) : see declaration of 'strcpy'
     1>f:\studia\ii\opengl\projekt\szablon.cpp(225): warning C4996: 'strcpy': This function or variable may be unsafe. Consider using strcpy_s instead. To disable deprecation, use _CRT_SECURE_NO_WARNINGS. See online help for details.
                 d:\programy\visual studio\vc\include\string.h(105) : see declaration of 'strcpy'
     1>f:\studia\ii\opengl\projekt\szablon.cpp(226): warning C4996: 'strcat': This function or variable may be unsafe. Consider using strcat_s instead. To disable deprecation, use _CRT_SECURE_NO_WARNINGS. See online help for details.
                 d:\programy\visual studio\vc\include\string.h(110) : see declaration of 'strcat'
     1>f:\studia\ii\opengl\projekt\szablon.cpp(259): warning C4996: 'strcat': This function or variable may be unsafe. Consider using strcat_s instead. To disable deprecation, use _CRT_SECURE_NO_WARNINGS. See online help for details.
                 d:\programy\visual studio\vc\include\string.h(110) : see declaration of 'strcat'
     1>f:\studia\ii\opengl\projekt\szablon.cpp(270): warning C4996: 'strcpy': This function or variable may be unsafe. Consider using strcpy_s instead. To disable deprecation, use _CRT_SECURE_NO_WARNINGS. See online help for details.
                 d:\programy\visual studio\vc\include\string.h(105) : see declaration of 'strcpy'
     1>f:\studia\ii\opengl\projekt\szablon.cpp(271): warning C4996: 'strcat': This function or variable may be unsafe. Consider using strcat_s instead. To disable deprecation, use _CRT_SECURE_NO_WARNINGS. See online help for details.
                 d:\programy\visual studio\vc\include\string.h(110) : see declaration of 'strcat'
         rysowanie.cpp
         model3DS.cpp
         konfiguracja.cpp
         interakcja.cpp
         definicje.cpp
         Generating Code...
       ManifestResourceCompile:
         C:\Program Files (x86)\Microsoft SDKs\Windows\v7.0A\bin\rc.exe /nologo /fo".\Debug\szablon.exe.embed.manifest.res" .\Debug\szablon_manifest.rc 
       Link:
         D:\Programy\Visual Studio\VC\bin\link.exe /ERRORREPORT:PROMPT /OUT:".\Debug/szablon.exe" /INCREMENTAL /NOLOGO odbc32.lib odbccp32.lib opengl32.lib glu32.lib glut32.lib kernel32.lib user32.lib gdi32.lib winspool.lib comdlg32.lib advapi32.lib shell32.lib ole32.lib oleaut32.lib uuid.lib odbc32.lib odbccp32.lib /MANIFEST /ManifestFile:".\Debug\szablon.exe.intermediate.manifest" /MANIFESTUAC:"level='asInvoker' uiAccess='false'" /DEBUG /PDB:".\Debug/szablon.pdb" /SUBSYSTEM:CONSOLE /TLBID:1 /DYNAMICBASE:NO /IMPLIB:".\Debug\szablon.lib" /MACHINE:X86 .\Debug\szablon.exe.embed.manifest.res
         .\Debug/definicje.obj
         .\Debug/interakcja.obj
         .\Debug/konfiguracja.obj
         .\Debug/model3DS.obj
         .\Debug/rysowanie.obj
         .\Debug/szablon.obj
         .\Debug/textureBMP.obj
         .\Debug/textureTGA.obj
       Manifest:
         Deleting file ".\Debug\szablon.exe.embed.manifest".
         C:\Program Files (x86)\Microsoft SDKs\Windows\v7.0A\bin\mt.exe /nologo /verbose /out:".\Debug\szablon.exe.embed.manifest" /manifest .\Debug\szablon.exe.intermediate.manifest
         C:\Program Files (x86)\Microsoft SDKs\Windows\v7.0A\bin\rc.exe /nologo /fo".\Debug\szablon.exe.embed.manifest.res" .\Debug\szablon_manifest.rc 
       LinkEmbedManifest:
         D:\Programy\Visual Studio\VC\bin\link.exe /ERRORREPORT:PROMPT /OUT:".\Debug/szablon.exe" /INCREMENTAL /NOLOGO odbc32.lib odbccp32.lib opengl32.lib glu32.lib glut32.lib kernel32.lib user32.lib gdi32.lib winspool.lib comdlg32.lib advapi32.lib shell32.lib ole32.lib oleaut32.lib uuid.lib odbc32.lib odbccp32.lib /MANIFEST /ManifestFile:".\Debug\szablon.exe.intermediate.manifest" /MANIFESTUAC:"level='asInvoker' uiAccess='false'" /DEBUG /PDB:".\Debug/szablon.pdb" /SUBSYSTEM:CONSOLE /TLBID:1 /DYNAMICBASE:NO /IMPLIB:".\Debug\szablon.lib" /MACHINE:X86 .\Debug\szablon.exe.embed.manifest.res
         .\Debug/definicje.obj
         .\Debug/interakcja.obj
         .\Debug/konfiguracja.obj
         .\Debug/model3DS.obj
         .\Debug/rysowanie.obj
         .\Debug/szablon.obj
         .\Debug/textureBMP.obj
         .\Debug/textureTGA.obj
         szablon.vcxproj -> F:\Studia\II\openGL\projekt\.\Debug\szablon.exe
       FinalizeBuildStatus:
         Deleting file ".\Debug\szablon.unsuccessfulbuild".
         Touching ".\Debug\szablon.lastbuildstate".
     1>Done Building Project "F:\Studia\II\openGL\projekt\szablon.vcxproj" (rebuild target(s)).

Build succeeded.

Time Elapsed 00:00:05.16
